\BOOKMARK [0][-]{chapter.1}{\376\377\225\356\230\230\133\232\116\111\377\032\217\331\122\060\136\225\146\057\116\015\146\057\116\000\116\052\144\130\211\201\225\356\230\230}{}% 1
\BOOKMARK [1][-]{section.1.1}{\376\377\210\150\227\142\116\373\122\241\116\016\167\037\133\236\116\373\122\241}{chapter.1}% 2
\BOOKMARK [1][-]{section.1.2}{\376\377\116\072\116\300\116\110\116\015\200\375\166\364\143\245\142\212\000\040\000P\000D\000F\000\040\142\124\176\331\131\047\152\041\127\213}{chapter.1}% 3
\BOOKMARK [0][-]{chapter.2}{\376\377\173\054\116\000\140\047\123\237\164\006\377\032\116\072\116\300\116\110\137\305\230\173\147\011\116\055\225\364\116\026\165\114\152\041\127\213}{}% 4
\BOOKMARK [1][-]{section.2.1}{\376\377\117\341\140\157\131\004\164\006\166\204\116\011\134\102\166\356\150\007}{chapter.2}% 5
\BOOKMARK [1][-]{section.2.2}{\376\377\116\316\217\175\117\123\122\060\116\026\165\114\152\041\127\213}{chapter.2}% 6
\BOOKMARK [1][-]{section.2.3}{\376\377\153\317\116\000\134\102\220\375\127\050\117\335\165\131\116\300\116\110\060\001\116\042\137\003\116\300\116\110\060\001\203\267\137\227\116\300\116\110}{chapter.2}% 7
\BOOKMARK [0][-]{chapter.3}{\376\377\174\373\176\337\121\150\224\376\215\357\140\073\211\310}{}% 8
\BOOKMARK [1][-]{section.3.1}{\376\377\167\037\133\236\150\110\117\213\166\204\174\373\176\337\176\323\147\204}{chapter.3}% 9
\BOOKMARK [1][-]{section.3.2}{\376\377\116\316\116\343\170\001\152\041\127\127\167\013\200\114\215\043\122\006\135\345}{chapter.3}% 10
\BOOKMARK [0][-]{chapter.4}{\376\377\173\054\116\000\153\145\377\032\000P\000D\000F\000\040\131\202\117\125\123\330\142\020\123\357\213\241\173\227\145\207\147\054}{}% 11
\BOOKMARK [1][-]{section.4.1}{\376\377\000P\000D\000F\000\040\123\352\146\057\226\005\213\373\133\271\126\150\377\014\116\015\146\057\167\345\213\306\133\371\214\141}{chapter.4}% 12
\BOOKMARK [1][-]{section.4.2}{\376\377\147\054\230\171\166\356\131\202\117\125\142\275\123\326\145\207\147\054}{chapter.4}% 13
\BOOKMARK [1][-]{section.4.3}{\376\377\116\072\116\300\116\110\145\207\147\054\156\005\155\027\116\015\200\375\131\052\157\300\217\333}{chapter.4}% 14
\BOOKMARK [0][-]{chapter.5}{\376\377\173\054\116\214\153\145\377\032\116\072\116\300\116\110\137\305\230\173\122\006\127\127}{}% 15
\BOOKMARK [1][-]{section.5.1}{\376\377\122\006\127\127\116\015\146\057\142\200\147\057\176\306\202\202\377\014\200\014\146\057\174\373\176\337\166\204\145\366\225\364\131\015\147\102\136\246\137\000\121\163}{chapter.5}% 16
\BOOKMARK [1][-]{section.5.2}{\376\377\116\072\116\300\116\110\000\040\000o\000v\000e\000r\000l\000a\000p\000\040\137\305\230\173\133\130\127\050}{chapter.5}% 17
\BOOKMARK [1][-]{section.5.3}{\376\377\147\054\153\041\150\110\117\213\116\072\116\300\116\110\123\352\122\007\142\020\116\206\000\040\0004\000\040\116\052\000\040\000c\000h\000u\000n\000k}{chapter.5}% 18
\BOOKMARK [0][-]{chapter.6}{\376\377\173\054\116\011\153\145\377\032\147\054\117\123\165\037\142\020\377\014\147\054\215\050\116\012\127\050\120\132\116\300\116\110}{}% 19
\BOOKMARK [1][-]{section.6.1}{\376\377\147\054\117\123\116\015\146\057\150\007\173\176\226\306\124\010\377\014\200\014\146\057\174\373\176\337\166\204\211\302\133\337\150\106\147\266}{chapter.6}% 20
\BOOKMARK [1][-]{section.6.2}{\376\377\116\072\116\300\116\110\217\331\221\314\137\305\230\173\121\110\147\011\225\356\230\230\377\014\121\215\147\011\147\054\117\123}{chapter.6}% 21
\BOOKMARK [1][-]{section.6.3}{\376\377\147\054\230\171\166\356\166\204\147\054\117\123\165\037\142\020\176\246\147\137}{chapter.6}% 22
\BOOKMARK [1][-]{section.6.4}{\376\377\147\054\153\041\150\110\117\213\133\236\226\105\165\037\142\020\116\206\116\300\116\110}{chapter.6}% 23
\BOOKMARK [0][-]{chapter.7}{\376\377\173\054\126\333\153\145\377\032\126\376\214\061\147\204\136\372\377\014\147\054\215\050\116\012\127\050\120\132\116\300\116\110}{}% 24
\BOOKMARK [1][-]{section.7.1}{\376\377\126\376\214\061\146\057\116\026\165\114\152\041\127\213\377\014\116\015\146\057\145\160\143\156\136\223\142\052\126\376}{chapter.7}% 25
\BOOKMARK [1][-]{section.7.2}{\376\377\000G\000r\000a\000p\000h\000i\000t\000i\000\040\000S\000i\000d\000e\000c\000a\000r\000\040\127\050\120\132\116\300\116\110}{chapter.7}% 26
\BOOKMARK [1][-]{section.7.3}{\376\377\116\072\116\300\116\110\126\376\214\061\146\057\153\324\000\040\000c\000h\000u\000n\000k\000\040\146\364\137\072\166\204\116\055\225\364\210\150\171\072}{chapter.7}% 27
\BOOKMARK [1][-]{section.7.4}{\376\377\147\054\153\041\150\110\117\213\126\376\214\061\176\323\147\234\141\017\124\163\167\100\116\300\116\110}{chapter.7}% 28
\BOOKMARK [1][-]{section.7.5}{\376\377\116\072\116\300\116\110\136\372\126\376\220\037\136\246\117\032\141\142}{chapter.7}% 29
\BOOKMARK [0][-]{chapter.8}{\376\377\173\054\116\224\153\145\377\032\116\072\116\300\116\110\126\376\214\061\217\330\116\015\131\037\377\014\137\305\230\173\176\347\176\355\165\037\142\020\000\040\000A\000g\000e\000n\000t}{}% 30
\BOOKMARK [1][-]{section.8.1}{\376\377\126\376\214\061\221\314\166\204\133\236\117\123\116\015\173\111\116\216\123\357\123\321\130\360\116\073\117\123}{chapter.8}% 31
\BOOKMARK [1][-]{section.8.2}{\376\377\147\054\230\171\166\356\131\202\117\125\116\316\126\376\214\061\165\037\142\020\000\040\000A\000g\000e\000n\000t\000\040\221\115\177\156}{chapter.8}% 32
\BOOKMARK [1][-]{section.8.3}{\376\377\116\072\116\300\116\110\211\201\142\212\202\202\160\271\116\272\150\074\123\026}{chapter.8}% 33
\BOOKMARK [1][-]{section.8.4}{\376\377\147\054\153\041\150\110\117\213\221\314\166\204\167\037\133\236\176\323\147\234}{chapter.8}% 34
\BOOKMARK [0][-]{chapter.9}{\376\377\173\054\121\155\153\145\377\032\171\076\117\032\116\377\167\037\131\202\117\125\142\212\176\323\147\204\123\026\213\260\137\306\123\330\142\020\122\250\140\001\202\006\140\305}{}% 35
\BOOKMARK [1][-]{section.9.1}{\376\377\116\300\116\110\123\353\040\034\127\050\126\376\214\061\116\012\120\132\116\377\167\037\040\035}{chapter.9}% 36
\BOOKMARK [1][-]{section.9.2}{\376\377\147\054\153\041\150\110\117\213\166\204\116\377\167\037\221\115\177\156}{chapter.9}% 37
\BOOKMARK [1][-]{section.9.3}{\376\377\116\072\116\300\116\110\116\377\167\037\116\015\146\057\040\034\116\000\153\041\131\032\217\156\225\356\173\124\040\035}{chapter.9}% 38
\BOOKMARK [1][-]{section.9.4}{\376\377\217\331\153\041\116\377\167\037\116\072\116\300\116\110\167\013\215\167\147\145\136\166\116\015\137\353}{chapter.9}% 39
\BOOKMARK [1][-]{section.9.5}{\376\377\116\072\116\300\116\110\116\377\167\037\217\333\172\013\176\323\147\137\124\016\217\330\127\050}{chapter.9}% 40
\BOOKMARK [0][-]{chapter.10}{\376\377\173\054\116\003\153\145\377\032\142\245\124\112\116\072\116\300\116\110\116\015\146\057\166\364\143\245\144\130\211\201\377\014\200\014\146\057\116\214\226\066\143\250\164\006}{}% 41
\BOOKMARK [1][-]{section.10.1}{\376\377\142\245\124\112\134\102\167\037\153\143\117\235\215\126\166\204\116\015\146\057\123\237\145\207\377\014\200\014\146\057\116\044\116\052\116\026\165\114}{chapter.10}% 42
\BOOKMARK [1][-]{section.10.2}{\376\377\000R\000e\000p\000o\000r\000t\000A\000g\000e\000n\000t\000\040\166\204\135\345\117\134\145\271\137\017}{chapter.10}% 43
\BOOKMARK [1][-]{section.10.3}{\376\377\116\072\116\300\116\110\142\245\124\112\226\066\153\265\166\204\144\034\175\042\215\050\221\317\131\202\153\144\221\315\211\201}{chapter.10}% 44
\BOOKMARK [1][-]{section.10.4}{\376\377\217\331\153\041\142\245\124\112\147\000\124\016\217\223\121\372\116\206\116\300\116\110}{chapter.10}% 45
\BOOKMARK [0][-]{chapter.11}{\376\377\153\146\154\111\131\047\133\146\150\110\117\213\166\204\167\037\133\236\217\320\210\114\131\015\166\330}{}% 46
\BOOKMARK [1][-]{section.11.1}{\376\377\145\366\225\364\122\006\136\003}{chapter.11}% 47
\BOOKMARK [1][-]{section.11.2}{\376\377\211\304\152\041\122\006\136\003}{chapter.11}% 48
\BOOKMARK [1][-]{section.11.3}{\376\377\116\072\116\300\116\110\121\150\224\376\215\357\153\324\040\034\133\230\145\271\157\024\171\072\040\035\141\142\137\210\131\032}{chapter.11}% 49
\BOOKMARK [0][-]{chapter.12}{\376\377\220\037\136\246\060\001\215\050\221\317\116\016\164\366\230\210\377\032\116\072\116\300\116\110\117\032\141\142\377\014\116\072\116\300\116\110\117\032\131\061\167\037}{}% 50
\BOOKMARK [1][-]{section.12.1}{\376\377\167\037\153\143\166\204\116\073\164\366\230\210\377\032\217\334\172\357\131\047\152\041\127\213\224\376\215\357}{chapter.12}% 51
\BOOKMARK [1][-]{section.12.2}{\376\377\173\054\116\214\164\366\230\210\377\032\116\073\117\123\145\160\116\016\221\307\213\277\145\160}{chapter.12}% 52
\BOOKMARK [1][-]{section.12.3}{\376\377\173\054\116\011\164\366\230\210\377\032\131\047\000\040\000c\000h\000u\000n\000k\000\040\136\046\147\145\166\204\150\300\175\042\220\000\123\026}{chapter.12}% 53
\BOOKMARK [1][-]{section.12.4}{\376\377\147\054\153\041\217\320\210\114\147\011\154\241\147\011\225\031\213\357}{chapter.12}% 54
\BOOKMARK [0][-]{chapter.13}{\376\377\131\202\117\125\120\132\123\302\145\160\214\003\117\030\377\032\116\015\146\057\215\212\137\353\215\212\131\175\377\014\200\014\146\057\142\176\122\060\174\373\176\337\136\163\210\141\160\271}{}% 55
\BOOKMARK [1][-]{section.13.1}{\376\377\214\003\117\030\211\201\121\110\121\263\133\232\117\030\123\026\166\356\150\007}{chapter.13}% 56
\BOOKMARK [1][-]{section.13.2}{\376\377\133\371\147\054\150\110\117\213\147\000\147\011\116\367\120\074\166\204\214\003\117\030\145\313\224\256}{chapter.13}% 57
\BOOKMARK [1][-]{section.13.3}{\376\377\143\250\203\120\166\204\116\013\116\000\153\145\133\236\232\214}{chapter.13}% 58
\BOOKMARK [0][-]{chapter.14}{\376\377\176\323\213\355\377\032\116\300\116\110\123\353\040\034\123\357\210\253\143\250\157\024\166\204\116\055\225\364\116\026\165\114\152\041\127\213\040\035}{}% 59
\BOOKMARK [0][-]{appendix*.20}{\376\377\226\104\137\125\377\032\147\054\153\041\150\110\117\213\166\204\167\037\133\236\221\115\177\156\116\016\145\345\137\327\144\130\211\201}{}% 60
\BOOKMARK [1][-]{section.Alph0.1}{\376\377\121\163\225\056\221\115\177\156\144\130\211\201}{appendix*.20}% 61
\BOOKMARK [1][-]{section.Alph0.2}{\376\377\121\163\225\056\145\366\225\364\142\063\144\130\211\201}{appendix*.20}% 62
\BOOKMARK [1][-]{section.Alph0.3}{\376\377\150\300\175\042\215\050\221\317\144\130\211\201}{appendix*.20}% 63
\BOOKMARK [1][-]{section.Alph0.4}{\376\377\121\170\127\213\145\345\137\327\162\107\153\265}{appendix*.20}% 64
\BOOKMARK [0][-]{appendix*.23}{\376\377\226\104\137\125\377\032\142\212\217\331\116\375\213\262\116\111\131\015\165\050\122\060\122\053\166\204\150\110\117\213\145\366\377\014\136\224\213\345\121\110\145\071\116\300\116\110}{}% 65
